09:24:47.451 [main] DEBUG org.apache.poi.openxml4j.opc.PackageRelationshipCollection - Parsing relationship: /xl/worksheets/_rels/sheet1.xml.rels
09:24:47.459 [main] DEBUG org.apache.poi.openxml4j.opc.PackageRelationshipCollection - Parsing relationship: /xl/worksheets/_rels/sheet2.xml.rels
09:24:47.460 [main] DEBUG org.apache.poi.openxml4j.opc.PackageRelationshipCollection - Parsing relationship: /_rels/.rels
09:25:02.828 [main] DEBUG org.apache.poi.openxml4j.opc.PackageRelationshipCollection - Parsing relationship: /xl/_rels/workbook.xml.rels
09:25:02.829 [main] DEBUG org.apache.poi.openxml4j.opc.PackageRelationshipCollection - Parsing relationship: /xl/worksheets/_rels/sheet1.xml.rels
09:25:02.832 [main] DEBUG org.apache.poi.openxml4j.opc.PackageRelationshipCollection - Parsing relationship: /xl/worksheets/_rels/sheet2.xml.rels
09:25:02.832 [main] DEBUG org.apache.poi.openxml4j.opc.PackageRelationshipCollection - Parsing relationship: /_rels/.rels
09:26:25.778 [main] INFO  baseClass.BaseClass - User Navigation to the page............
09:26:25.785 [main] INFO  baseClass.BaseClass - User close the Ads......
09:27:00.873 [main] INFO  baseClass.BaseClass - No Ads in window so Skipped..
09:27:00.875 [main] INFO  baseClass.BaseClass - User close the login or signup
09:27:30.910 [main] INFO  baseClass.BaseClass - No login/Signup window, so Skipped!
09:27:30.911 [main] INFO  baseClass.BaseClass - User click the Cab Button On Home Page
09:27:31.216 [main] INFO  baseClass.BaseClass - Cab Page ---> User click the search Button
09:27:40.286 [main] INFO  baseClass.BaseClass - Cab Page ---> User Click the More Options
09:27:40.450 [main] INFO  baseClass.BaseClass - Cab Page ---> User click the Gift In More Options
09:27:42.980 [main] INFO  baseClass.BaseClass - Gift Page ---> User click the Birthday Gift
09:27:43.469 [main] INFO  baseClass.BaseClass - Gift Page ---> User click the Email Button
09:27:44.818 [main] DEBUG org.apache.poi.openxml4j.opc.PackageRelationshipCollection - Parsing relationship: /xl/_rels/workbook.xml.rels
09:27:44.820 [main] DEBUG org.apache.poi.openxml4j.opc.PackageRelationshipCollection - Parsing relationship: /xl/worksheets/_rels/sheet1.xml.rels
09:27:44.822 [main] DEBUG org.apache.poi.openxml4j.opc.PackageRelationshipCollection - Parsing relationship: /xl/worksheets/_rels/sheet2.xml.rels
09:27:44.824 [main] DEBUG org.apache.poi.openxml4j.opc.PackageRelationshipCollection - Parsing relationship: /_rels/.rels
09:28:01.083 [main] DEBUG org.apache.poi.openxml4j.opc.PackageRelationshipCollection - Parsing relationship: /xl/_rels/workbook.xml.rels
09:28:01.084 [main] DEBUG org.apache.poi.openxml4j.opc.PackageRelationshipCollection - Parsing relationship: /xl/worksheets/_rels/sheet1.xml.rels
09:28:01.085 [main] DEBUG org.apache.poi.openxml4j.opc.PackageRelationshipCollection - Parsing relationship: /xl/worksheets/_rels/sheet2.xml.rels
09:28:01.085 [main] DEBUG org.apache.poi.openxml4j.opc.PackageRelationshipCollection - Parsing relationship: /_rels/.rels
09:29:46.752 [main] INFO  baseClass.BaseClass - User Navigation to the page............
09:29:46.755 [main] INFO  baseClass.BaseClass - User close the Ads......
09:30:21.833 [main] INFO  baseClass.BaseClass - No Ads in window so Skipped..
09:30:21.834 [main] INFO  baseClass.BaseClass - User close the login or signup
09:30:51.897 [main] INFO  baseClass.BaseClass - No login/Signup window, so Skipped!
09:30:51.898 [main] INFO  baseClass.BaseClass - User click the Cab Button On Home Page
09:30:52.229 [main] INFO  baseClass.BaseClass - Cab Page ---> User click the search Button
09:31:29.995 [main] INFO  baseClass.BaseClass - Cab Page ---> User Click the More Options
09:31:30.133 [main] INFO  baseClass.BaseClass - Cab Page ---> User click the Gift In More Options
09:31:32.704 [main] INFO  baseClass.BaseClass - Gift Page ---> User click the Birthday Gift
09:31:33.007 [main] INFO  baseClass.BaseClass - Gift Page ---> User click the Email Button
09:31:34.180 [main] DEBUG org.apache.poi.openxml4j.opc.PackageRelationshipCollection - Parsing relationship: /xl/_rels/workbook.xml.rels
09:31:34.181 [main] DEBUG org.apache.poi.openxml4j.opc.PackageRelationshipCollection - Parsing relationship: /xl/worksheets/_rels/sheet1.xml.rels
09:31:34.182 [main] DEBUG org.apache.poi.openxml4j.opc.PackageRelationshipCollection - Parsing relationship: /xl/worksheets/_rels/sheet2.xml.rels
09:31:34.183 [main] DEBUG org.apache.poi.openxml4j.opc.PackageRelationshipCollection - Parsing relationship: /_rels/.rels
09:31:49.583 [main] DEBUG org.apache.poi.openxml4j.opc.PackageRelationshipCollection - Parsing relationship: /xl/_rels/workbook.xml.rels
09:31:49.584 [main] DEBUG org.apache.poi.openxml4j.opc.PackageRelationshipCollection - Parsing relationship: /xl/worksheets/_rels/sheet1.xml.rels
09:31:49.585 [main] DEBUG org.apache.poi.openxml4j.opc.PackageRelationshipCollection - Parsing relationship: /xl/worksheets/_rels/sheet2.xml.rels
09:31:49.586 [main] DEBUG org.apache.poi.openxml4j.opc.PackageRelationshipCollection - Parsing relationship: /_rels/.rels
